<?xml version="1.0" encoding="UTF-8"?>
<!-- Generated by org.testng.reporters.JUnitXMLReporter -->
<testsuite ignored="2" hostname="Ravindras-MacBook-Pro.local" failures="1" tests="10" name="Regression suite 1" time="482.737" errors="0" timestamp="13 Feb 2023 15:22:40 GMT">
  <testcase classname="tests.HitachiMainPageTests" name="searchResult" time="5.022"/>
  <testcase classname="tests.HitachiMainPageTests" name="searchResult" time="82.096"/>
  <testcase classname="tests.HitachiMainPageTests" name="searchResult" time="5.305"/>
  <testcase classname="tests.HitachiMainPageTests" name="searchResult" time="9.32"/>
  <testcase classname="tests.SearchedPageTest" name="navigatetoEachSearchedLink" time="60.617"/>
  <testcase classname="tests.SearchedPageTest" name="navigatetoEachSearchedLink" time="5.205">
    <failure type="java.lang.AssertionError" message="expected [true] but found [false]">
      <![CDATA[java.lang.AssertionError: expected [true] but found [false]
at tests.SearchedPageTest.navigatetoEachSearchedLink(SearchedPageTest.java:19)
... Removed 29 stack frames]]>
    </failure>
  </testcase> <!-- navigatetoEachSearchedLink -->
  <testcase classname="tests.APITests" name="GetDetails" time="2.827"/>
  <testcase classname="tests.APITests" name="GetDetails" time="0.426"/>
  <testcase classname="tests.APITests" name="GetDetails" time="0.5"/>
  <testcase classname="tests.APITests" name="GetDetails" time="0.517"/>
  <testcase classname="testSetup.SeleniumSetup" name="@BeforeSuite assemblyintialise" time="0.0">
    <ignored/>
  </testcase> <!-- @BeforeSuite assemblyintialise -->
  <testcase classname="testSetup.SeleniumSetup" name="@AfterSuite assemblycleanup" time="0.0">
    <ignored/>
  </testcase> <!-- @AfterSuite assemblycleanup -->
</testsuite> <!-- Regression suite 1 -->
