<?xml version="1.0" encoding="UTF-8"?>
<!-- Generated by org.testng.reporters.JUnitXMLReporter -->
<testsuite ignored="2" hostname="Ravindras-MacBook-Pro.local" failures="1" tests="6" name="Regression suite 1" time="221.477" errors="0" timestamp="13 Feb 2023 13:59:42 GMT">
  <testcase classname="tests.HitachiMainPageTests" name="searchResult" time="14.979"/>
  <testcase classname="tests.HitachiMainPageTests" name="searchResult" time="11.827"/>
  <testcase classname="tests.HitachiMainPageTests" name="searchResult" time="5.806"/>
  <testcase classname="tests.HitachiMainPageTests" name="searchResult" time="6.142"/>
  <testcase classname="tests.SearchedPageTest" name="navigatetoEachSearchedLink" time="53.54"/>
  <testcase classname="tests.SearchedPageTest" name="navigatetoEachSearchedLink" time="5.463">
    <failure type="java.lang.AssertionError" message="expected [true] but found [false]">
      <![CDATA[java.lang.AssertionError: expected [true] but found [false]
at tests.SearchedPageTest.navigatetoEachSearchedLink(SearchedPageTest.java:19)
... Removed 32 stack frames]]>
    </failure>
  </testcase> <!-- navigatetoEachSearchedLink -->
  <testcase classname="testSetup.SeleniumSetup" name="@BeforeSuite assemblyintialise" time="0.0">
    <ignored/>
  </testcase> <!-- @BeforeSuite assemblyintialise -->
  <testcase classname="testSetup.SeleniumSetup" name="@AfterSuite assemblycleanup" time="0.0">
    <ignored/>
  </testcase> <!-- @AfterSuite assemblycleanup -->
</testsuite> <!-- Regression suite 1 -->
