<?xml version="1.0" encoding="UTF-8"?>
<testng-results ignored="2" total="8" passed="5" failed="1" skipped="0">
  <reporter-output>
  </reporter-output>
  <suite started-at="2023-02-13T13:56:00Z" name="example suite 1" finished-at="2023-02-13T13:59:41Z" duration-ms="221477">
    <groups>
    </groups>
    <test started-at="2023-02-13T13:56:00Z" name="Regression suite 1" finished-at="2023-02-13T13:59:41Z" duration-ms="221477">
      <class name="tests.HitachiMainPageTests">
        <test-method is-config="true" signature="assemblyintialise()[pri:0, instance:tests.HitachiMainPageTests@1623b78d]" started-at="2023-02-13T13:56:00Z" name="assemblyintialise" finished-at="2023-02-13T13:56:00Z" duration-ms="8" status="PASS">
          <reporter-output>
          </reporter-output>
        </test-method> <!-- assemblyintialise -->
        <test-method is-config="true" signature="testinitialise()[pri:0, instance:tests.HitachiMainPageTests@1623b78d]" started-at="2023-02-13T13:56:00Z" name="testinitialise" finished-at="2023-02-13T13:56:43Z" duration-ms="43260" status="PASS">
          <reporter-output>
          </reporter-output>
        </test-method> <!-- testinitialise -->
        <test-method signature="searchResult(java.lang.String)[pri:0, instance:tests.HitachiMainPageTests@1623b78d]" started-at="2023-02-13T13:56:43Z" name="searchResult" data-provider="keywordsearch" finished-at="2023-02-13T13:56:58Z" duration-ms="14979" status="PASS">
          <params>
            <param index="0">
              <value>
                <![CDATA[Hitachi]]>
              </value>
            </param>
          </params>
          <reporter-output>
          </reporter-output>
        </test-method> <!-- searchResult -->
        <test-method is-config="true" signature="testcleanup()[pri:0, instance:tests.HitachiMainPageTests@1623b78d]" started-at="2023-02-13T13:56:58Z" name="testcleanup" finished-at="2023-02-13T13:56:58Z" duration-ms="98" status="PASS">
          <reporter-output>
          </reporter-output>
        </test-method> <!-- testcleanup -->
        <test-method is-config="true" signature="testinitialise()[pri:0, instance:tests.HitachiMainPageTests@1623b78d]" started-at="2023-02-13T13:56:58Z" name="testinitialise" finished-at="2023-02-13T13:57:10Z" duration-ms="11469" status="PASS">
          <reporter-output>
          </reporter-output>
        </test-method> <!-- testinitialise -->
        <test-method signature="searchResult(java.lang.String)[pri:0, instance:tests.HitachiMainPageTests@1623b78d]" started-at="2023-02-13T13:57:10Z" name="searchResult" data-provider="keywordsearch" finished-at="2023-02-13T13:57:22Z" duration-ms="11827" status="PASS">
          <params>
            <param index="0">
              <value>
                <![CDATA[abc]]>
              </value>
            </param>
          </params>
          <reporter-output>
          </reporter-output>
        </test-method> <!-- searchResult -->
        <test-method is-config="true" signature="testcleanup()[pri:0, instance:tests.HitachiMainPageTests@1623b78d]" started-at="2023-02-13T13:57:22Z" name="testcleanup" finished-at="2023-02-13T13:57:22Z" duration-ms="95" status="PASS">
          <reporter-output>
          </reporter-output>
        </test-method> <!-- testcleanup -->
        <test-method is-config="true" signature="testinitialise()[pri:0, instance:tests.HitachiMainPageTests@1623b78d]" started-at="2023-02-13T13:57:22Z" name="testinitialise" finished-at="2023-02-13T13:57:38Z" duration-ms="15976" status="PASS">
          <reporter-output>
          </reporter-output>
        </test-method> <!-- testinitialise -->
        <test-method signature="searchResult(java.lang.String)[pri:0, instance:tests.HitachiMainPageTests@1623b78d]" started-at="2023-02-13T13:57:38Z" name="searchResult" data-provider="keywordsearch" finished-at="2023-02-13T13:57:43Z" duration-ms="5806" status="PASS">
          <params>
            <param index="0">
              <value>
                <![CDATA[xyz]]>
              </value>
            </param>
          </params>
          <reporter-output>
          </reporter-output>
        </test-method> <!-- searchResult -->
        <test-method is-config="true" signature="testcleanup()[pri:0, instance:tests.HitachiMainPageTests@1623b78d]" started-at="2023-02-13T13:57:43Z" name="testcleanup" finished-at="2023-02-13T13:57:44Z" duration-ms="93" status="PASS">
          <reporter-output>
          </reporter-output>
        </test-method> <!-- testcleanup -->
        <test-method is-config="true" signature="testinitialise()[pri:0, instance:tests.HitachiMainPageTests@1623b78d]" started-at="2023-02-13T13:57:44Z" name="testinitialise" finished-at="2023-02-13T13:58:00Z" duration-ms="16762" status="PASS">
          <reporter-output>
          </reporter-output>
        </test-method> <!-- testinitialise -->
        <test-method signature="searchResult(java.lang.String)[pri:0, instance:tests.HitachiMainPageTests@1623b78d]" started-at="2023-02-13T13:58:00Z" name="searchResult" data-provider="keywordsearch" finished-at="2023-02-13T13:58:06Z" duration-ms="6142" status="PASS">
          <params>
            <param index="0">
              <value>
                <![CDATA[asbnkasndsdl]]>
              </value>
            </param>
          </params>
          <reporter-output>
          </reporter-output>
        </test-method> <!-- searchResult -->
        <test-method is-config="true" signature="testcleanup()[pri:0, instance:tests.HitachiMainPageTests@1623b78d]" started-at="2023-02-13T13:58:06Z" name="testcleanup" finished-at="2023-02-13T13:58:07Z" duration-ms="93" status="PASS">
          <reporter-output>
          </reporter-output>
        </test-method> <!-- testcleanup -->
        <test-method is-config="true" signature="assemblycleanup()[pri:0, instance:tests.HitachiMainPageTests@1623b78d]" started-at="2023-02-13T13:59:42Z" name="assemblycleanup" finished-at="2023-02-13T13:59:42Z" duration-ms="3" status="PASS">
          <reporter-output>
          </reporter-output>
        </test-method> <!-- assemblycleanup -->
      </class> <!-- tests.HitachiMainPageTests -->
      <class name="tests.SearchedPageTest">
        <test-method is-config="true" signature="testinitialise()[pri:0, instance:tests.SearchedPageTest@c8c12ac]" started-at="2023-02-13T13:58:07Z" name="testinitialise" finished-at="2023-02-13T13:58:23Z" duration-ms="16679" status="PASS">
          <reporter-output>
          </reporter-output>
        </test-method> <!-- testinitialise -->
        <test-method signature="navigatetoEachSearchedLink(java.lang.String)[pri:0, instance:tests.SearchedPageTest@c8c12ac]" started-at="2023-02-13T13:58:23Z" name="navigatetoEachSearchedLink" data-provider="allLinksNavigation" finished-at="2023-02-13T13:59:17Z" duration-ms="53540" status="PASS">
          <params>
            <param index="0">
              <value>
                <![CDATA[xyz]]>
              </value>
            </param>
          </params>
          <reporter-output>
          </reporter-output>
        </test-method> <!-- navigatetoEachSearchedLink -->
        <test-method is-config="true" signature="testcleanup()[pri:0, instance:tests.SearchedPageTest@c8c12ac]" started-at="2023-02-13T13:59:17Z" name="testcleanup" finished-at="2023-02-13T13:59:17Z" duration-ms="123" status="PASS">
          <reporter-output>
          </reporter-output>
        </test-method> <!-- testcleanup -->
        <test-method is-config="true" signature="testinitialise()[pri:0, instance:tests.SearchedPageTest@c8c12ac]" started-at="2023-02-13T13:59:17Z" name="testinitialise" finished-at="2023-02-13T13:59:36Z" duration-ms="18921" status="PASS">
          <reporter-output>
          </reporter-output>
        </test-method> <!-- testinitialise -->
        <test-method signature="navigatetoEachSearchedLink(java.lang.String)[pri:0, instance:tests.SearchedPageTest@c8c12ac]" started-at="2023-02-13T13:59:36Z" name="navigatetoEachSearchedLink" data-provider="allLinksNavigation" finished-at="2023-02-13T13:59:41Z" duration-ms="5463" status="FAIL">
          <params>
            <param index="0">
              <value>
                <![CDATA[abcasasasas]]>
              </value>
            </param>
          </params>
          <exception class="java.lang.AssertionError">
            <message>
              <![CDATA[expected [true] but found [false]]]>
            </message>
            <full-stacktrace>
              <![CDATA[java.lang.AssertionError: expected [true] but found [false]
at org.testng.Assert.fail(Assert.java:96)
at org.testng.Assert.failNotEquals(Assert.java:776)
at org.testng.Assert.assertTrue(Assert.java:44)
at org.testng.Assert.assertTrue(Assert.java:54)
at tests.SearchedPageTest.navigatetoEachSearchedLink(SearchedPageTest.java:19)
at java.base/jdk.internal.reflect.NativeMethodAccessorImpl.invoke0(Native Method)
at java.base/jdk.internal.reflect.NativeMethodAccessorImpl.invoke(NativeMethodAccessorImpl.java:62)
at java.base/jdk.internal.reflect.DelegatingMethodAccessorImpl.invoke(DelegatingMethodAccessorImpl.java:43)
at java.base/java.lang.reflect.Method.invoke(Method.java:566)
at org.testng.internal.MethodInvocationHelper.invokeMethod(MethodInvocationHelper.java:124)
at org.testng.internal.Invoker.invokeMethod(Invoker.java:580)
at org.testng.internal.Invoker.invokeTestMethod(Invoker.java:716)
at org.testng.internal.Invoker.invokeTestMethods(Invoker.java:988)
at org.testng.internal.TestMethodWorker.invokeTestMethods(TestMethodWorker.java:125)
at org.testng.internal.TestMethodWorker.run(TestMethodWorker.java:109)
at org.testng.TestRunner.privateRun(TestRunner.java:648)
at org.testng.TestRunner.run(TestRunner.java:505)
at org.testng.SuiteRunner.runTest(SuiteRunner.java:455)
at org.testng.SuiteRunner.runSequentially(SuiteRunner.java:450)
at org.testng.SuiteRunner.privateRun(SuiteRunner.java:415)
at org.testng.SuiteRunner.run(SuiteRunner.java:364)
at org.testng.SuiteRunnerWorker.runSuite(SuiteRunnerWorker.java:52)
at org.testng.SuiteRunnerWorker.run(SuiteRunnerWorker.java:84)
at org.testng.TestNG.runSuitesSequentially(TestNG.java:1208)
at org.testng.TestNG.runSuitesLocally(TestNG.java:1137)
at org.testng.TestNG.runSuites(TestNG.java:1049)
at org.testng.TestNG.run(TestNG.java:1017)
at org.apache.maven.surefire.testng.TestNGExecutor.run(TestNGExecutor.java:281)
at org.apache.maven.surefire.testng.TestNGXmlTestSuite.execute(TestNGXmlTestSuite.java:75)
at org.apache.maven.surefire.testng.TestNGProvider.invoke(TestNGProvider.java:121)
at org.apache.maven.surefire.booter.ForkedBooter.invokeProviderInSameClassLoader(ForkedBooter.java:290)
at org.apache.maven.surefire.booter.ForkedBooter.runSuitesInProcess(ForkedBooter.java:242)
at org.apache.maven.surefire.booter.ForkedBooter.main(ForkedBooter.java:121)
]]>
            </full-stacktrace>
          </exception> <!-- java.lang.AssertionError -->
          <reporter-output>
          </reporter-output>
        </test-method> <!-- navigatetoEachSearchedLink -->
        <test-method is-config="true" signature="testcleanup()[pri:0, instance:tests.SearchedPageTest@c8c12ac]" started-at="2023-02-13T13:59:41Z" name="testcleanup" finished-at="2023-02-13T13:59:41Z" duration-ms="93" status="PASS">
          <reporter-output>
          </reporter-output>
        </test-method> <!-- testcleanup -->
      </class> <!-- tests.SearchedPageTest -->
    </test> <!-- Regression suite 1 -->
  </suite> <!-- example suite 1 -->
</testng-results>
