<?xml version="1.0" encoding="UTF-8"?>
<testng-results ignored="2" total="12" passed="9" failed="1" skipped="0">
  <reporter-output>
  </reporter-output>
  <suite started-at="2023-02-13T15:14:37Z" name="example suite 1" finished-at="2023-02-13T15:22:40Z" duration-ms="482737">
    <groups>
    </groups>
    <test started-at="2023-02-13T15:14:37Z" name="Regression suite 1" finished-at="2023-02-13T15:22:40Z" duration-ms="482737">
      <class name="tests.HitachiMainPageTests">
        <test-method is-config="true" signature="assemblyintialise()[pri:0, instance:tests.HitachiMainPageTests@574b560f]" started-at="2023-02-13T15:14:37Z" name="assemblyintialise" finished-at="2023-02-13T15:14:37Z" duration-ms="10" status="PASS">
          <reporter-output>
          </reporter-output>
        </test-method> <!-- assemblyintialise -->
        <test-method is-config="true" signature="testinitialise()[pri:0, instance:tests.HitachiMainPageTests@574b560f]" started-at="2023-02-13T15:14:37Z" name="testinitialise" finished-at="2023-02-13T15:16:05Z" duration-ms="88129" status="PASS">
          <reporter-output>
          </reporter-output>
        </test-method> <!-- testinitialise -->
        <test-method signature="searchResult(java.lang.String)[pri:0, instance:tests.HitachiMainPageTests@574b560f]" started-at="2023-02-13T15:16:05Z" name="searchResult" data-provider="keywordsearch" finished-at="2023-02-13T15:16:10Z" duration-ms="5022" status="PASS">
          <params>
            <param index="0">
              <value>
                <![CDATA[Hitachi]]>
              </value>
            </param>
          </params>
          <reporter-output>
          </reporter-output>
        </test-method> <!-- searchResult -->
        <test-method is-config="true" signature="testcleanup()[pri:0, instance:tests.HitachiMainPageTests@574b560f]" started-at="2023-02-13T15:16:10Z" name="testcleanup" finished-at="2023-02-13T15:16:10Z" duration-ms="125" status="PASS">
          <reporter-output>
          </reporter-output>
        </test-method> <!-- testcleanup -->
        <test-method is-config="true" signature="testinitialise()[pri:0, instance:tests.HitachiMainPageTests@574b560f]" started-at="2023-02-13T15:16:10Z" name="testinitialise" finished-at="2023-02-13T15:17:43Z" duration-ms="92184" status="PASS">
          <reporter-output>
          </reporter-output>
        </test-method> <!-- testinitialise -->
        <test-method signature="searchResult(java.lang.String)[pri:0, instance:tests.HitachiMainPageTests@574b560f]" started-at="2023-02-13T15:17:43Z" name="searchResult" data-provider="keywordsearch" finished-at="2023-02-13T15:19:05Z" duration-ms="82096" status="PASS">
          <params>
            <param index="0">
              <value>
                <![CDATA[abc]]>
              </value>
            </param>
          </params>
          <reporter-output>
          </reporter-output>
        </test-method> <!-- searchResult -->
        <test-method is-config="true" signature="testcleanup()[pri:0, instance:tests.HitachiMainPageTests@574b560f]" started-at="2023-02-13T15:19:05Z" name="testcleanup" finished-at="2023-02-13T15:19:05Z" duration-ms="121" status="PASS">
          <reporter-output>
          </reporter-output>
        </test-method> <!-- testcleanup -->
        <test-method is-config="true" signature="testinitialise()[pri:0, instance:tests.HitachiMainPageTests@574b560f]" started-at="2023-02-13T15:19:05Z" name="testinitialise" finished-at="2023-02-13T15:20:33Z" duration-ms="88680" status="PASS">
          <reporter-output>
          </reporter-output>
        </test-method> <!-- testinitialise -->
        <test-method signature="searchResult(java.lang.String)[pri:0, instance:tests.HitachiMainPageTests@574b560f]" started-at="2023-02-13T15:20:33Z" name="searchResult" data-provider="keywordsearch" finished-at="2023-02-13T15:20:39Z" duration-ms="5305" status="PASS">
          <params>
            <param index="0">
              <value>
                <![CDATA[xyz]]>
              </value>
            </param>
          </params>
          <reporter-output>
          </reporter-output>
        </test-method> <!-- searchResult -->
        <test-method is-config="true" signature="testcleanup()[pri:0, instance:tests.HitachiMainPageTests@574b560f]" started-at="2023-02-13T15:20:39Z" name="testcleanup" finished-at="2023-02-13T15:20:39Z" duration-ms="120" status="PASS">
          <reporter-output>
          </reporter-output>
        </test-method> <!-- testcleanup -->
        <test-method is-config="true" signature="testinitialise()[pri:0, instance:tests.HitachiMainPageTests@574b560f]" started-at="2023-02-13T15:20:39Z" name="testinitialise" finished-at="2023-02-13T15:20:53Z" duration-ms="14031" status="PASS">
          <reporter-output>
          </reporter-output>
        </test-method> <!-- testinitialise -->
        <test-method signature="searchResult(java.lang.String)[pri:0, instance:tests.HitachiMainPageTests@574b560f]" started-at="2023-02-13T15:20:53Z" name="searchResult" data-provider="keywordsearch" finished-at="2023-02-13T15:21:02Z" duration-ms="9320" status="PASS">
          <params>
            <param index="0">
              <value>
                <![CDATA[asbnkasndsdl]]>
              </value>
            </param>
          </params>
          <reporter-output>
          </reporter-output>
        </test-method> <!-- searchResult -->
        <test-method is-config="true" signature="testcleanup()[pri:0, instance:tests.HitachiMainPageTests@574b560f]" started-at="2023-02-13T15:21:02Z" name="testcleanup" finished-at="2023-02-13T15:21:02Z" duration-ms="100" status="PASS">
          <reporter-output>
          </reporter-output>
        </test-method> <!-- testcleanup -->
        <test-method is-config="true" signature="assemblycleanup()[pri:0, instance:tests.HitachiMainPageTests@574b560f]" started-at="2023-02-13T15:22:40Z" name="assemblycleanup" finished-at="2023-02-13T15:22:40Z" duration-ms="1" status="PASS">
          <reporter-output>
          </reporter-output>
        </test-method> <!-- assemblycleanup -->
      </class> <!-- tests.HitachiMainPageTests -->
      <class name="tests.APITests">
        <test-method signature="GetDetails(java.lang.String)[pri:0, instance:tests.APITests@28975c28]" started-at="2023-02-13T15:22:36Z" name="GetDetails" data-provider="keywordsearch" finished-at="2023-02-13T15:22:38Z" duration-ms="2827" status="PASS">
          <params>
            <param index="0">
              <value>
                <![CDATA[Hitachi]]>
              </value>
            </param>
          </params>
          <reporter-output>
          </reporter-output>
        </test-method> <!-- GetDetails -->
        <test-method signature="GetDetails(java.lang.String)[pri:0, instance:tests.APITests@28975c28]" started-at="2023-02-13T15:22:38Z" name="GetDetails" data-provider="keywordsearch" finished-at="2023-02-13T15:22:39Z" duration-ms="426" status="PASS">
          <params>
            <param index="0">
              <value>
                <![CDATA[abc]]>
              </value>
            </param>
          </params>
          <reporter-output>
          </reporter-output>
        </test-method> <!-- GetDetails -->
        <test-method signature="GetDetails(java.lang.String)[pri:0, instance:tests.APITests@28975c28]" started-at="2023-02-13T15:22:39Z" name="GetDetails" data-provider="keywordsearch" finished-at="2023-02-13T15:22:39Z" duration-ms="500" status="PASS">
          <params>
            <param index="0">
              <value>
                <![CDATA[xyz]]>
              </value>
            </param>
          </params>
          <reporter-output>
          </reporter-output>
        </test-method> <!-- GetDetails -->
        <test-method signature="GetDetails(java.lang.String)[pri:0, instance:tests.APITests@28975c28]" started-at="2023-02-13T15:22:39Z" name="GetDetails" data-provider="keywordsearch" finished-at="2023-02-13T15:22:40Z" duration-ms="517" status="PASS">
          <params>
            <param index="0">
              <value>
                <![CDATA[asbnkasndsdl]]>
              </value>
            </param>
          </params>
          <reporter-output>
          </reporter-output>
        </test-method> <!-- GetDetails -->
      </class> <!-- tests.APITests -->
      <class name="tests.SearchedPageTest">
        <test-method is-config="true" signature="testinitialise()[pri:0, instance:tests.SearchedPageTest@ba54932]" started-at="2023-02-13T15:21:02Z" name="testinitialise" finished-at="2023-02-13T15:21:13Z" duration-ms="11063" status="PASS">
          <reporter-output>
          </reporter-output>
        </test-method> <!-- testinitialise -->
        <test-method signature="navigatetoEachSearchedLink(java.lang.String)[pri:0, instance:tests.SearchedPageTest@ba54932]" started-at="2023-02-13T15:21:13Z" name="navigatetoEachSearchedLink" data-provider="allLinksNavigation" finished-at="2023-02-13T15:22:14Z" duration-ms="60617" status="PASS">
          <params>
            <param index="0">
              <value>
                <![CDATA[xyz]]>
              </value>
            </param>
          </params>
          <reporter-output>
          </reporter-output>
        </test-method> <!-- navigatetoEachSearchedLink -->
        <test-method is-config="true" signature="testcleanup()[pri:0, instance:tests.SearchedPageTest@ba54932]" started-at="2023-02-13T15:22:14Z" name="testcleanup" finished-at="2023-02-13T15:22:14Z" duration-ms="113" status="PASS">
          <reporter-output>
          </reporter-output>
        </test-method> <!-- testcleanup -->
        <test-method is-config="true" signature="testinitialise()[pri:0, instance:tests.SearchedPageTest@ba54932]" started-at="2023-02-13T15:22:14Z" name="testinitialise" finished-at="2023-02-13T15:22:30Z" duration-ms="16057" status="PASS">
          <reporter-output>
          </reporter-output>
        </test-method> <!-- testinitialise -->
        <test-method signature="navigatetoEachSearchedLink(java.lang.String)[pri:0, instance:tests.SearchedPageTest@ba54932]" started-at="2023-02-13T15:22:30Z" name="navigatetoEachSearchedLink" data-provider="allLinksNavigation" finished-at="2023-02-13T15:22:35Z" duration-ms="5205" status="FAIL">
          <params>
            <param index="0">
              <value>
                <![CDATA[abcasasasas]]>
              </value>
            </param>
          </params>
          <exception class="java.lang.AssertionError">
            <message>
              <![CDATA[expected [true] but found [false]]]>
            </message>
            <full-stacktrace>
              <![CDATA[java.lang.AssertionError: expected [true] but found [false]
at org.testng.Assert.fail(Assert.java:96)
at org.testng.Assert.failNotEquals(Assert.java:776)
at org.testng.Assert.assertTrue(Assert.java:44)
at org.testng.Assert.assertTrue(Assert.java:54)
at tests.SearchedPageTest.navigatetoEachSearchedLink(SearchedPageTest.java:19)
at java.base/jdk.internal.reflect.NativeMethodAccessorImpl.invoke0(Native Method)
at java.base/jdk.internal.reflect.NativeMethodAccessorImpl.invoke(NativeMethodAccessorImpl.java:62)
at java.base/jdk.internal.reflect.DelegatingMethodAccessorImpl.invoke(DelegatingMethodAccessorImpl.java:43)
at java.base/java.lang.reflect.Method.invoke(Method.java:566)
at org.testng.internal.MethodInvocationHelper.invokeMethod(MethodInvocationHelper.java:124)
at org.testng.internal.Invoker.invokeMethod(Invoker.java:580)
at org.testng.internal.Invoker.invokeTestMethod(Invoker.java:716)
at org.testng.internal.Invoker.invokeTestMethods(Invoker.java:988)
at org.testng.internal.TestMethodWorker.invokeTestMethods(TestMethodWorker.java:125)
at org.testng.internal.TestMethodWorker.run(TestMethodWorker.java:109)
at org.testng.TestRunner.privateRun(TestRunner.java:648)
at org.testng.TestRunner.run(TestRunner.java:505)
at org.testng.SuiteRunner.runTest(SuiteRunner.java:455)
at org.testng.SuiteRunner.runSequentially(SuiteRunner.java:450)
at org.testng.SuiteRunner.privateRun(SuiteRunner.java:415)
at org.testng.SuiteRunner.run(SuiteRunner.java:364)
at org.testng.SuiteRunnerWorker.runSuite(SuiteRunnerWorker.java:52)
at org.testng.SuiteRunnerWorker.run(SuiteRunnerWorker.java:84)
at org.testng.TestNG.runSuitesSequentially(TestNG.java:1208)
at org.testng.TestNG.runSuitesLocally(TestNG.java:1137)
at org.testng.TestNG.runSuites(TestNG.java:1049)
at org.testng.TestNG.run(TestNG.java:1017)
at org.testng.remote.AbstractRemoteTestNG.run(AbstractRemoteTestNG.java:115)
at org.testng.remote.RemoteTestNG.initAndRun(RemoteTestNG.java:251)
at org.testng.remote.RemoteTestNG.main(RemoteTestNG.java:77)
]]>
            </full-stacktrace>
          </exception> <!-- java.lang.AssertionError -->
          <reporter-output>
          </reporter-output>
        </test-method> <!-- navigatetoEachSearchedLink -->
        <test-method is-config="true" signature="testcleanup()[pri:0, instance:tests.SearchedPageTest@ba54932]" started-at="2023-02-13T15:22:35Z" name="testcleanup" finished-at="2023-02-13T15:22:36Z" duration-ms="110" status="PASS">
          <reporter-output>
          </reporter-output>
        </test-method> <!-- testcleanup -->
      </class> <!-- tests.SearchedPageTest -->
    </test> <!-- Regression suite 1 -->
  </suite> <!-- example suite 1 -->
</testng-results>
